[21:39:18] [main/INFO]: Running with arguments: [--userProperties, {}, --assetsDir, C:/Users/Administrator/.gradle/caches/minecraft/assets, --assetIndex, 1.12, --accessToken{REDACTED}, --version, 1.12.2, --tweakClass, net.minecraftforge.fml.common.launcher.FMLTweaker, --tweakClass, net.minecraftforge.gradle.tweakers.CoremodTweaker]
[21:39:18] [main/INFO]: Loading tweak class name net.minecraftforge.fml.common.launcher.FMLTweaker
[21:39:19] [main/INFO]: Using primary tweak class name net.minecraftforge.fml.common.launcher.FMLTweaker
[21:39:19] [main/INFO]: Loading tweak class name net.minecraftforge.gradle.tweakers.CoremodTweaker
[21:39:19] [main/INFO]: Calling tweak class net.minecraftforge.fml.common.launcher.FMLTweaker
[21:39:19] [main/INFO]: Forge Mod Loader version 14.23.5.2768 for Minecraft 1.12.2 loading
[21:39:19] [main/INFO]: Java is OpenJDK 64-Bit Server VM, version 1.8.0_382, running on Windows 11:amd64:10.0, installed at D:\gradlew\jre
[21:39:19] [main/ERROR]: Apache Maven library folder was not in the format expected. Using default libraries directory.
[21:39:19] [main/ERROR]: Full: C:\Users\Administrator\.gradle\caches\modules-2\files-2.1\org.apache.maven\maven-artifact\3.5.3\7dc72b6d6d8a6dced3d294ed54c2cc3515ade9f4\maven-artifact-3.5.3.jar
[21:39:19] [main/ERROR]: Trimmed: c:/users/administrator/.gradle/caches/modules-2/files-2.1/org.apache.maven/maven-artifact/3.5.3/
[21:39:20] [main/INFO]: Managed to load a deobfuscated Minecraft name- we are in a deobfuscated environment. Skipping runtime deobfuscation
[21:39:20] [main/INFO]: Detected deobfuscated environment, loading log configs for colored console logs.
[21:39:21] [main/INFO] [FML]: Ignoring missing certificate for coremod FMLCorePlugin (net.minecraftforge.fml.relauncher.FMLCorePlugin), we are in deobf and it's a forge core plugininecraftFormatting
[21:39:22] [main/INFO] [FML]: Ignoring missing certificate for coremod FMLForgePlugin (net.minecraftforge.classloading.FMLForgePlugin), we are in deobf and it's a forge core plugininecraftFormatting
[21:39:22] [main/INFO] [FML]: Found a command line coremod : net.ccbluex.liquidbounce.injection.forge.MixinLoaderinecraftFormatting
[21:39:22] [main/WARN] [FML]: The coremod net.ccbluex.liquidbounce.injection.forge.MixinLoader does not have a MCVersion annotation, it may cause issues with this version of MinecraftinecraftFormatting
[21:39:22] [main/INFO] [FML]: Ignoring missing certificate for coremod MixinLoader (net.ccbluex.liquidbounce.injection.forge.MixinLoader), as this is probably a dev workspaceinecraftFormatting
[21:39:23] [main/INFO] [mixin]: SpongePowered MIXIN Subsystem Version=0.8 Source=file:/C:/Users/Administrator/.gradle/caches/modules-2/files-2.1/org.spongepowered/mixin/0.8/dbe9e5db694a7c3cd644d5bb98f8a21295c75048/mixin-0.8.jar Service=LaunchWrapper Env=CLIENTinecraftFormatting
[21:39:26] [main/INFO] [mixin]: Compatibility level set to JAVA_8inecraftFormatting
[21:39:26] [main/INFO] [FML]: Searching D:\wuqiha Client\1.12.2-Forge\run\.\mods for modsinecraftFormatting
[21:39:26] [main/INFO] [LaunchWrapper]: Calling tweak class net.minecraftforge.gradle.tweakers.CoremodTweakerinecraftFormatting
[21:39:26] [main/INFO] [GradleStart]: Injecting location in coremod net.minecraftforge.fml.relauncher.FMLCorePlugininecraftFormatting
[21:39:26] [main/INFO] [GradleStart]: Injecting location in coremod net.minecraftforge.classloading.FMLForgePlugininecraftFormatting
[21:39:26] [main/INFO] [GradleStart]: Injecting location in coremod net.ccbluex.liquidbounce.injection.forge.MixinLoaderinecraftFormatting
[21:39:26] [main/INFO] [LaunchWrapper]: Loading tweak class name net.minecraftforge.fml.common.launcher.FMLInjectionAndSortingTweakerinecraftFormatting
[21:39:26] [main/INFO] [LaunchWrapper]: Loading tweak class name org.spongepowered.asm.mixin.EnvironmentStateTweakerinecraftFormatting
[21:39:26] [main/INFO] [LaunchWrapper]: Loading tweak class name net.minecraftforge.fml.common.launcher.FMLDeobfTweakerinecraftFormatting
[21:39:26] [main/INFO] [LaunchWrapper]: Loading tweak class name net.minecraftforge.gradle.tweakers.AccessTransformerTweakerinecraftFormatting
[21:39:26] [main/INFO] [LaunchWrapper]: Calling tweak class net.minecraftforge.fml.common.launcher.FMLInjectionAndSortingTweakerinecraftFormatting
[21:39:26] [main/INFO] [LaunchWrapper]: Calling tweak class net.minecraftforge.fml.common.launcher.FMLInjectionAndSortingTweakerinecraftFormatting
[21:39:26] [main/INFO] [LaunchWrapper]: Calling tweak class net.minecraftforge.fml.relauncher.CoreModManager$FMLPluginWrapperinecraftFormatting
[21:39:32] [main/ERROR] [FML]: FML appears to be missing any signature data. This is not a good thinginecraftFormatting
[21:39:32] [main/INFO] [LaunchWrapper]: Calling tweak class net.minecraftforge.fml.relauncher.CoreModManager$FMLPluginWrapperinecraftFormatting
[21:39:32] [main/INFO] [LaunchWrapper]: Calling tweak class net.minecraftforge.fml.relauncher.CoreModManager$FMLPluginWrapperinecraftFormatting
[21:39:32] [main/INFO] [LaunchWrapper]: Calling tweak class org.spongepowered.asm.mixin.EnvironmentStateTweakerinecraftFormatting
[21:39:32] [main/INFO] [LaunchWrapper]: Calling tweak class net.minecraftforge.fml.common.launcher.FMLDeobfTweakerinecraftFormatting
[21:39:34] [main/INFO] [LaunchWrapper]: Calling tweak class net.minecraftforge.gradle.tweakers.AccessTransformerTweakerinecraftFormatting
[21:39:34] [main/INFO] [LaunchWrapper]: Loading tweak class name net.minecraftforge.fml.common.launcher.TerminalTweakerinecraftFormatting
[21:39:34] [main/INFO] [LaunchWrapper]: Calling tweak class net.minecraftforge.fml.common.launcher.TerminalTweakerinecraftFormatting
[21:39:34] [main/WARN] [mixin]: Reference map 'liquidbounce.mixins.refmap.json' for liquidbounce.forge.mixins.json could not be read. If this is a development environment you can ignore this messageinecraftFormatting
[21:39:38] [main/INFO] [LaunchWrapper]: Launching wrapped minecraft {net.minecraft.client.main.Main}inecraftFormatting
[21:39:47] [main/INFO] [net.minecraft.client.Minecraft]: Setting user: Player671inecraftFormatting
[21:39:59] [main/WARN] [net.minecraft.client.settings.GameSettings]: Skipping bad option: lastServer:inecraftFormatting
[21:39:59] [main/INFO] [net.minecraft.client.Minecraft]: LWJGL Version: 2.9.4inecraftFormatting
[21:40:01] [main/ERROR] [net.minecraft.client.Minecraft]: Couldn't set pixel formatinecraftFormatting
org.lwjgl.LWJGLException: Could not bind dummy context
	at org.lwjgl.opengl.WindowsContextImplementation.nCreate(Native Method) ~[lwjgl-2.9.4-nightly-20150209.jar:?]
	at org.lwjgl.opengl.WindowsContextImplementation.create(WindowsContextImplementation.java:50) ~[lwjgl-2.9.4-nightly-20150209.jar:?]
	at org.lwjgl.opengl.ContextGL.<init>(ContextGL.java:132) ~[lwjgl-2.9.4-nightly-20150209.jar:?]
	at org.lwjgl.opengl.Display.create(Display.java:850) ~[lwjgl-2.9.4-nightly-20150209.jar:?]
	at org.lwjgl.opengl.Display.create(Display.java:757) ~[lwjgl-2.9.4-nightly-20150209.jar:?]
	at net.minecraft.client.Minecraft.createDisplay(Minecraft.java:624) [Minecraft.class:?]
	at net.minecraft.client.Minecraft.init(Minecraft.java:457) [Minecraft.class:?]
	at net.minecraft.client.Minecraft.run(Minecraft.java:377) [Minecraft.class:?]
	at net.minecraft.client.main.Main.main(SourceFile:123) [Main.class:?]
	at sun.reflect.NativeMethodAccessorImpl.invoke0(Native Method) ~[?:1.8.0_382]
	at sun.reflect.NativeMethodAccessorImpl.invoke(NativeMethodAccessorImpl.java:62) ~[?:1.8.0_382]
	at sun.reflect.DelegatingMethodAccessorImpl.invoke(DelegatingMethodAccessorImpl.java:43) ~[?:1.8.0_382]
	at java.lang.reflect.Method.invoke(Method.java:498) ~[?:1.8.0_382]
	at net.minecraft.launchwrapper.Launch.launch(Launch.java:135) [launchwrapper-1.12.jar:?]
	at net.minecraft.launchwrapper.Launch.main(Launch.java:28) [launchwrapper-1.12.jar:?]
	at sun.reflect.NativeMethodAccessorImpl.invoke0(Native Method) ~[?:1.8.0_382]
	at sun.reflect.NativeMethodAccessorImpl.invoke(NativeMethodAccessorImpl.java:62) ~[?:1.8.0_382]
	at sun.reflect.DelegatingMethodAccessorImpl.invoke(DelegatingMethodAccessorImpl.java:43) ~[?:1.8.0_382]
	at java.lang.reflect.Method.invoke(Method.java:498) ~[?:1.8.0_382]
	at net.minecraftforge.gradle.GradleStartCommon.launch(GradleStartCommon.java:97) [start/:?]
	at GradleStart.main(GradleStart.java:25) [start/:?]
